Receptive field: 143 samples | Downsampled by 96 | Overlap of 47 samples | 10 encoded samples/trial | 4 pooled
Loading mytcav

------------------------------------------------------------
Sender: LSF System <lsfadmin@hpc.dtu.dk>
Subject: Job 16627752: <BENDR> in cluster <dcc> Exited

Job <BENDR> was submitted from host <hpclogin1> by user <s194260> in cluster <dcc> at Mon May  1 22:42:07 2023
Job was executed on host(s) <15*n-62-31-17>, in queue <hpc>, as user <s194260> in cluster <dcc> at Mon May  1 22:42:07 2023
</zhome/33/6/147533> was used as the home directory.
</zhome/33/6/147533/BENDR> was used as the working directory.
Started at Mon May  1 22:42:07 2023
Terminated at Mon May  1 22:44:46 2023
Results reported at Mon May  1 22:44:46 2023

Your job looked like:

------------------------------------------------------------
# LSBATCH: User input
#!/bin/sh
#BSUB -J BENDR
#BSUB -q hpc
#BSUB -n 15
#BSUB -R "rusage[mem=8G]"
#BSUB -R "span[hosts=1]"
#BSUB -W 1:00
#BSUB -o logs/output_BENDR_%J.out 
#BSUB -e logs/error_BENDR_%J.err 
module load scipy/1.9.1-python-3.10.7
module load cuda/11.7 
source /work1/s194260/BENDR-ENV/bin/activate
python3.10 tcav/tcav_run.py
------------------------------------------------------------

Exited with exit code 134.

Resource usage summary:

    CPU time :                                   185.83 sec.
    Max Memory :                                 1032 MB
    Average Memory :                             834.25 MB
    Total Requested Memory :                     122880.00 MB
    Delta Memory :                               121848.00 MB
    Max Swap :                                   -
    Max Processes :                              4
    Max Threads :                                36
    Run time :                                   276 sec.
    Turnaround time :                            159 sec.

The output (if any) is above this job summary.



PS:

Read file <logs/error_BENDR_16627752.err> for stderr output of this job.

